build/app/intermediates/manifest_merge_blame_file/release/processReleaseMainManifest/manifest-merger-blame-release-report.txt
1<?xml version="1.0" encoding="utf-8"?>
2<manifest xmlns:android="http://schemas.android.com/apk/res/android"
3    package="com.example.app_cybersoft"
4    android:versionCode="1"
5    android:versionName="1.0.0" >
6
7    <uses-sdk
8        android:minSdkVersion="21"
9        android:targetSdkVersion="35" />
10    <!--
11         Required to query activities that can process text, see:
12         https://developer.android.com/training/package-visibility and
13         https://developer.android.com/reference/android/content/Intent#ACTION_PROCESS_TEXT.
14
15         In particular, this is used by the Flutter engine in io.flutter.plugin.text.ProcessTextPlugin.
16    -->
17    <queries>
17-->src/main/AndroidManifest.xml:39:5-44:15
18        <intent>
18-->src/main/AndroidManifest.xml:40:9-43:18
19            <action android:name="android.intent.action.PROCESS_TEXT" />
19-->src/main/AndroidManifest.xml:41:13-72
19-->src/main/AndroidManifest.xml:41:21-70
20
21            <data android:mimeType="text/plain" />
21-->src/main/AndroidManifest.xml:42:13-50
21-->src/main/AndroidManifest.xml:42:19-48
22        </intent>
23        <intent>
23-->[:flutter_inappwebview_android] AndroidManifest.xml:8:9-10:18
24            <action android:name="android.support.customtabs.action.CustomTabsService" />
24-->[:flutter_inappwebview_android] AndroidManifest.xml:9:13-90
24-->[:flutter_inappwebview_android] AndroidManifest.xml:9:21-87
25        </intent>
26
27        <package android:name="com.facebook.katana" />
27-->[com.facebook.android:facebook-common:17.0.1] AndroidManifest.xml:18:9-55
27-->[com.facebook.android:facebook-common:17.0.1] AndroidManifest.xml:18:18-52
28    </queries>
29
30    <uses-permission android:name="android.permission.ACCESS_NETWORK_STATE" />
30-->[:connectivity_plus] AndroidManifest.xml:7:5-79
30-->[:connectivity_plus] AndroidManifest.xml:7:22-76
31    <uses-permission android:name="com.google.android.gms.permission.AD_ID" />
31-->[com.facebook.android:facebook-core:17.0.1] AndroidManifest.xml:16:5-79
31-->[com.facebook.android:facebook-core:17.0.1] AndroidManifest.xml:16:22-76
32
33    <permission
33-->[androidx.core:core:1.13.1] AndroidManifest.xml:22:5-24:47
34        android:name="com.example.app_cybersoft.DYNAMIC_RECEIVER_NOT_EXPORTED_PERMISSION"
34-->[androidx.core:core:1.13.1] AndroidManifest.xml:23:9-81
35        android:protectionLevel="signature" />
35-->[androidx.core:core:1.13.1] AndroidManifest.xml:24:9-44
36
37    <uses-permission android:name="com.example.app_cybersoft.DYNAMIC_RECEIVER_NOT_EXPORTED_PERMISSION" />
37-->[androidx.core:core:1.13.1] AndroidManifest.xml:26:5-97
37-->[androidx.core:core:1.13.1] AndroidManifest.xml:26:22-94
38    <uses-permission android:name="com.google.android.finsky.permission.BIND_GET_INSTALL_REFERRER_SERVICE" />
38-->[com.android.installreferrer:installreferrer:1.0] AndroidManifest.xml:9:5-110
38-->[com.android.installreferrer:installreferrer:1.0] AndroidManifest.xml:9:22-107
39
40    <application
41        android:name="android.app.Application"
41-->src/main/AndroidManifest.xml:4:9-42
42        android:appComponentFactory="androidx.core.app.CoreComponentFactory"
42-->[androidx.core:core:1.13.1] AndroidManifest.xml:28:18-86
43        android:extractNativeLibs="true"
44        android:icon="@mipmap/ic_launcher"
44-->src/main/AndroidManifest.xml:5:9-43
45        android:label="app_cybersoft"
45-->src/main/AndroidManifest.xml:3:9-38
46        android:supportsRtl="true" >
46-->[com.facebook.android:facebook-login:17.0.1] AndroidManifest.xml:16:18-44
47        <activity
47-->src/main/AndroidManifest.xml:6:9-27:20
48            android:name="com.example.app_cybersoft.MainActivity"
48-->src/main/AndroidManifest.xml:7:13-41
49            android:configChanges="orientation|keyboardHidden|keyboard|screenSize|smallestScreenSize|locale|layoutDirection|fontScale|screenLayout|density|uiMode"
49-->src/main/AndroidManifest.xml:12:13-163
50            android:exported="true"
50-->src/main/AndroidManifest.xml:8:13-36
51            android:hardwareAccelerated="true"
51-->src/main/AndroidManifest.xml:13:13-47
52            android:launchMode="singleTop"
52-->src/main/AndroidManifest.xml:9:13-43
53            android:taskAffinity=""
53-->src/main/AndroidManifest.xml:10:13-36
54            android:theme="@style/LaunchTheme"
54-->src/main/AndroidManifest.xml:11:13-47
55            android:windowSoftInputMode="adjustResize" >
55-->src/main/AndroidManifest.xml:14:13-55
56
57            <!--
58                 Specifies an Android theme to apply to this Activity as soon as
59                 the Android process has started. This theme is visible to the user
60                 while the Flutter UI initializes. After that, this theme continues
61                 to determine the Window background behind the Flutter UI.
62            -->
63            <meta-data
63-->src/main/AndroidManifest.xml:19:13-22:17
64                android:name="io.flutter.embedding.android.NormalTheme"
64-->src/main/AndroidManifest.xml:20:15-70
65                android:resource="@style/NormalTheme" />
65-->src/main/AndroidManifest.xml:21:15-52
66
67            <intent-filter>
67-->src/main/AndroidManifest.xml:23:13-26:29
68                <action android:name="android.intent.action.MAIN" />
68-->src/main/AndroidManifest.xml:24:17-68
68-->src/main/AndroidManifest.xml:24:25-66
69
70                <category android:name="android.intent.category.LAUNCHER" />
70-->src/main/AndroidManifest.xml:25:17-76
70-->src/main/AndroidManifest.xml:25:27-74
71            </intent-filter>
72        </activity>
73        <!--
74             Don't delete the meta-data below.
75             This is used by the Flutter tool to generate GeneratedPluginRegistrant.java
76        -->
77        <meta-data
77-->src/main/AndroidManifest.xml:30:9-32:33
78            android:name="flutterEmbedding"
78-->src/main/AndroidManifest.xml:31:13-44
79            android:value="2" />
79-->src/main/AndroidManifest.xml:32:13-30
80
81        <activity
81-->[:flutter_inappwebview_android] AndroidManifest.xml:14:9-18:47
82            android:name="com.pichillilorenzo.flutter_inappwebview_android.in_app_browser.InAppBrowserActivity"
82-->[:flutter_inappwebview_android] AndroidManifest.xml:15:13-112
83            android:configChanges="orientation|keyboardHidden|keyboard|screenSize|locale|layoutDirection|fontScale|screenLayout|density"
83-->[:flutter_inappwebview_android] AndroidManifest.xml:16:13-137
84            android:exported="false"
84-->[:flutter_inappwebview_android] AndroidManifest.xml:17:13-37
85            android:theme="@style/AppTheme" />
85-->[:flutter_inappwebview_android] AndroidManifest.xml:18:13-44
86        <activity
86-->[:flutter_inappwebview_android] AndroidManifest.xml:19:9-22:55
87            android:name="com.pichillilorenzo.flutter_inappwebview_android.chrome_custom_tabs.ChromeCustomTabsActivity"
87-->[:flutter_inappwebview_android] AndroidManifest.xml:20:13-120
88            android:exported="false"
88-->[:flutter_inappwebview_android] AndroidManifest.xml:21:13-37
89            android:theme="@style/ThemeTransparent" />
89-->[:flutter_inappwebview_android] AndroidManifest.xml:22:13-52
90        <activity
90-->[:flutter_inappwebview_android] AndroidManifest.xml:23:9-26:55
91            android:name="com.pichillilorenzo.flutter_inappwebview_android.chrome_custom_tabs.TrustedWebActivity"
91-->[:flutter_inappwebview_android] AndroidManifest.xml:24:13-114
92            android:exported="false"
92-->[:flutter_inappwebview_android] AndroidManifest.xml:25:13-37
93            android:theme="@style/ThemeTransparent" />
93-->[:flutter_inappwebview_android] AndroidManifest.xml:26:13-52
94        <activity
94-->[:flutter_inappwebview_android] AndroidManifest.xml:27:9-31:55
95            android:name="com.pichillilorenzo.flutter_inappwebview_android.chrome_custom_tabs.ChromeCustomTabsActivitySingleInstance"
95-->[:flutter_inappwebview_android] AndroidManifest.xml:28:13-134
96            android:exported="false"
96-->[:flutter_inappwebview_android] AndroidManifest.xml:29:13-37
97            android:launchMode="singleInstance"
97-->[:flutter_inappwebview_android] AndroidManifest.xml:30:13-48
98            android:theme="@style/ThemeTransparent" />
98-->[:flutter_inappwebview_android] AndroidManifest.xml:31:13-52
99        <activity
99-->[:flutter_inappwebview_android] AndroidManifest.xml:32:9-36:55
100            android:name="com.pichillilorenzo.flutter_inappwebview_android.chrome_custom_tabs.TrustedWebActivitySingleInstance"
100-->[:flutter_inappwebview_android] AndroidManifest.xml:33:13-128
101            android:exported="false"
101-->[:flutter_inappwebview_android] AndroidManifest.xml:34:13-37
102            android:launchMode="singleInstance"
102-->[:flutter_inappwebview_android] AndroidManifest.xml:35:13-48
103            android:theme="@style/ThemeTransparent" />
103-->[:flutter_inappwebview_android] AndroidManifest.xml:36:13-52
104
105        <receiver
105-->[:flutter_inappwebview_android] AndroidManifest.xml:38:9-41:40
106            android:name="com.pichillilorenzo.flutter_inappwebview_android.chrome_custom_tabs.ActionBroadcastReceiver"
106-->[:flutter_inappwebview_android] AndroidManifest.xml:39:13-119
107            android:enabled="true"
107-->[:flutter_inappwebview_android] AndroidManifest.xml:40:13-35
108            android:exported="false" />
108-->[:flutter_inappwebview_android] AndroidManifest.xml:41:13-37
109
110        <meta-data
110-->[:flutter_inappwebview_android] AndroidManifest.xml:43:9-45:36
111            android:name="io.flutter.embedded_views_preview"
111-->[:flutter_inappwebview_android] AndroidManifest.xml:44:13-61
112            android:value="true" />
112-->[:flutter_inappwebview_android] AndroidManifest.xml:45:13-33
113
114        <activity
114-->[com.facebook.android:facebook-common:17.0.1] AndroidManifest.xml:22:9-25:66
115            android:name="com.facebook.FacebookActivity"
115-->[com.facebook.android:facebook-common:17.0.1] AndroidManifest.xml:23:13-57
116            android:configChanges="keyboard|keyboardHidden|screenLayout|screenSize|orientation"
116-->[com.facebook.android:facebook-common:17.0.1] AndroidManifest.xml:24:13-96
117            android:theme="@style/com_facebook_activity_theme" />
117-->[com.facebook.android:facebook-common:17.0.1] AndroidManifest.xml:25:13-63
118        <activity android:name="com.facebook.CustomTabMainActivity" />
118-->[com.facebook.android:facebook-common:17.0.1] AndroidManifest.xml:26:9-71
118-->[com.facebook.android:facebook-common:17.0.1] AndroidManifest.xml:26:19-68
119        <activity
119-->[com.facebook.android:facebook-common:17.0.1] AndroidManifest.xml:27:9-41:20
120            android:name="com.facebook.CustomTabActivity"
120-->[com.facebook.android:facebook-common:17.0.1] AndroidManifest.xml:28:13-58
121            android:exported="true" >
121-->[com.facebook.android:facebook-common:17.0.1] AndroidManifest.xml:29:13-36
122            <intent-filter>
122-->[com.facebook.android:facebook-common:17.0.1] AndroidManifest.xml:31:13-40:29
123                <action android:name="android.intent.action.VIEW" />
123-->[com.facebook.android:facebook-common:17.0.1] AndroidManifest.xml:32:17-69
123-->[com.facebook.android:facebook-common:17.0.1] AndroidManifest.xml:32:25-66
124
125                <category android:name="android.intent.category.DEFAULT" />
125-->[com.facebook.android:facebook-common:17.0.1] AndroidManifest.xml:34:17-76
125-->[com.facebook.android:facebook-common:17.0.1] AndroidManifest.xml:34:27-73
126                <category android:name="android.intent.category.BROWSABLE" />
126-->[com.facebook.android:facebook-common:17.0.1] AndroidManifest.xml:35:17-78
126-->[com.facebook.android:facebook-common:17.0.1] AndroidManifest.xml:35:27-75
127
128                <data
128-->src/main/AndroidManifest.xml:42:13-50
129                    android:host="cct.com.example.app_cybersoft"
130                    android:scheme="fbconnect" />
131            </intent-filter>
132        </activity>
133
134        <uses-library
134-->[androidx.window:window:1.2.0] AndroidManifest.xml:23:9-25:40
135            android:name="androidx.window.extensions"
135-->[androidx.window:window:1.2.0] AndroidManifest.xml:24:13-54
136            android:required="false" />
136-->[androidx.window:window:1.2.0] AndroidManifest.xml:25:13-37
137        <uses-library
137-->[androidx.window:window:1.2.0] AndroidManifest.xml:26:9-28:40
138            android:name="androidx.window.sidecar"
138-->[androidx.window:window:1.2.0] AndroidManifest.xml:27:13-51
139            android:required="false" />
139-->[androidx.window:window:1.2.0] AndroidManifest.xml:28:13-37
140
141        <provider
141-->[androidx.emoji2:emoji2:1.2.0] AndroidManifest.xml:24:9-32:20
142            android:name="androidx.startup.InitializationProvider"
142-->[androidx.emoji2:emoji2:1.2.0] AndroidManifest.xml:25:13-67
143            android:authorities="com.example.app_cybersoft.androidx-startup"
143-->[androidx.emoji2:emoji2:1.2.0] AndroidManifest.xml:26:13-68
144            android:exported="false" >
144-->[androidx.emoji2:emoji2:1.2.0] AndroidManifest.xml:27:13-37
145            <meta-data
145-->[androidx.emoji2:emoji2:1.2.0] AndroidManifest.xml:29:13-31:52
146                android:name="androidx.emoji2.text.EmojiCompatInitializer"
146-->[androidx.emoji2:emoji2:1.2.0] AndroidManifest.xml:30:17-75
147                android:value="androidx.startup" />
147-->[androidx.emoji2:emoji2:1.2.0] AndroidManifest.xml:31:17-49
148            <meta-data
148-->[androidx.lifecycle:lifecycle-process:2.7.0] AndroidManifest.xml:29:13-31:52
149                android:name="androidx.lifecycle.ProcessLifecycleInitializer"
149-->[androidx.lifecycle:lifecycle-process:2.7.0] AndroidManifest.xml:30:17-78
150                android:value="androidx.startup" />
150-->[androidx.lifecycle:lifecycle-process:2.7.0] AndroidManifest.xml:31:17-49
151            <meta-data
151-->[androidx.profileinstaller:profileinstaller:1.3.1] AndroidManifest.xml:29:13-31:52
152                android:name="androidx.profileinstaller.ProfileInstallerInitializer"
152-->[androidx.profileinstaller:profileinstaller:1.3.1] AndroidManifest.xml:30:17-85
153                android:value="androidx.startup" />
153-->[androidx.profileinstaller:profileinstaller:1.3.1] AndroidManifest.xml:31:17-49
154        </provider>
155        <!--
156         The initialization ContentProvider will call FacebookSdk.sdkInitialize automatically
157         with the application context. This config is merged in with the host app's manifest,
158         but there can only be one provider with the same authority activated at any given
159         point; so if the end user has two or more different apps that use Facebook SDK, only the
160         first one will be able to use the provider. To work around this problem, we use the
161         following placeholder in the authority to identify each host application as if it was
162         a completely different provider.
163        -->
164        <provider
164-->[com.facebook.android:facebook-core:17.0.1] AndroidManifest.xml:29:9-32:40
165            android:name="com.facebook.internal.FacebookInitProvider"
165-->[com.facebook.android:facebook-core:17.0.1] AndroidManifest.xml:30:13-70
166            android:authorities="com.example.app_cybersoft.FacebookInitProvider"
166-->[com.facebook.android:facebook-core:17.0.1] AndroidManifest.xml:31:13-72
167            android:exported="false" />
167-->[com.facebook.android:facebook-core:17.0.1] AndroidManifest.xml:32:13-37
168
169        <receiver
169-->[com.facebook.android:facebook-core:17.0.1] AndroidManifest.xml:34:9-40:20
170            android:name="com.facebook.CurrentAccessTokenExpirationBroadcastReceiver"
170-->[com.facebook.android:facebook-core:17.0.1] AndroidManifest.xml:35:13-86
171            android:exported="false" >
171-->[com.facebook.android:facebook-core:17.0.1] AndroidManifest.xml:36:13-37
172            <intent-filter>
172-->[com.facebook.android:facebook-core:17.0.1] AndroidManifest.xml:37:13-39:29
173                <action android:name="com.facebook.sdk.ACTION_CURRENT_ACCESS_TOKEN_CHANGED" />
173-->[com.facebook.android:facebook-core:17.0.1] AndroidManifest.xml:38:17-95
173-->[com.facebook.android:facebook-core:17.0.1] AndroidManifest.xml:38:25-92
174            </intent-filter>
175        </receiver>
176        <receiver
176-->[com.facebook.android:facebook-core:17.0.1] AndroidManifest.xml:41:9-47:20
177            android:name="com.facebook.AuthenticationTokenManager$CurrentAuthenticationTokenChangedBroadcastReceiver"
177-->[com.facebook.android:facebook-core:17.0.1] AndroidManifest.xml:42:13-118
178            android:exported="false" >
178-->[com.facebook.android:facebook-core:17.0.1] AndroidManifest.xml:43:13-37
179            <intent-filter>
179-->[com.facebook.android:facebook-core:17.0.1] AndroidManifest.xml:44:13-46:29
180                <action android:name="com.facebook.sdk.ACTION_CURRENT_AUTHENTICATION_TOKEN_CHANGED" />
180-->[com.facebook.android:facebook-core:17.0.1] AndroidManifest.xml:45:17-103
180-->[com.facebook.android:facebook-core:17.0.1] AndroidManifest.xml:45:25-100
181            </intent-filter>
182        </receiver>
183        <receiver
183-->[androidx.profileinstaller:profileinstaller:1.3.1] AndroidManifest.xml:34:9-52:20
184            android:name="androidx.profileinstaller.ProfileInstallReceiver"
184-->[androidx.profileinstaller:profileinstaller:1.3.1] AndroidManifest.xml:35:13-76
185            android:directBootAware="false"
185-->[androidx.profileinstaller:profileinstaller:1.3.1] AndroidManifest.xml:36:13-44
186            android:enabled="true"
186-->[androidx.profileinstaller:profileinstaller:1.3.1] AndroidManifest.xml:37:13-35
187            android:exported="true"
187-->[androidx.profileinstaller:profileinstaller:1.3.1] AndroidManifest.xml:38:13-36
188            android:permission="android.permission.DUMP" >
188-->[androidx.profileinstaller:profileinstaller:1.3.1] AndroidManifest.xml:39:13-57
189            <intent-filter>
189-->[androidx.profileinstaller:profileinstaller:1.3.1] AndroidManifest.xml:40:13-42:29
190                <action android:name="androidx.profileinstaller.action.INSTALL_PROFILE" />
190-->[androidx.profileinstaller:profileinstaller:1.3.1] AndroidManifest.xml:41:17-91
190-->[androidx.profileinstaller:profileinstaller:1.3.1] AndroidManifest.xml:41:25-88
191            </intent-filter>
192            <intent-filter>
192-->[androidx.profileinstaller:profileinstaller:1.3.1] AndroidManifest.xml:43:13-45:29
193                <action android:name="androidx.profileinstaller.action.SKIP_FILE" />
193-->[androidx.profileinstaller:profileinstaller:1.3.1] AndroidManifest.xml:44:17-85
193-->[androidx.profileinstaller:profileinstaller:1.3.1] AndroidManifest.xml:44:25-82
194            </intent-filter>
195            <intent-filter>
195-->[androidx.profileinstaller:profileinstaller:1.3.1] AndroidManifest.xml:46:13-48:29
196                <action android:name="androidx.profileinstaller.action.SAVE_PROFILE" />
196-->[androidx.profileinstaller:profileinstaller:1.3.1] AndroidManifest.xml:47:17-88
196-->[androidx.profileinstaller:profileinstaller:1.3.1] AndroidManifest.xml:47:25-85
197            </intent-filter>
198            <intent-filter>
198-->[androidx.profileinstaller:profileinstaller:1.3.1] AndroidManifest.xml:49:13-51:29
199                <action android:name="androidx.profileinstaller.action.BENCHMARK_OPERATION" />
199-->[androidx.profileinstaller:profileinstaller:1.3.1] AndroidManifest.xml:50:17-95
199-->[androidx.profileinstaller:profileinstaller:1.3.1] AndroidManifest.xml:50:25-92
200            </intent-filter>
201        </receiver>
202    </application>
203
204</manifest>